<?xml version="1.0" encoding="UTF-8"?>
<coverage generated="1669431652042" clover="3.2.0">
  <project timestamp="1669431652042" name="All files">
    <metrics statements="44" coveredstatements="44" conditionals="8" coveredconditionals="8" methods="5" coveredmethods="5" elements="57" coveredelements="57" complexity="0" loc="44" ncloc="44" packages="1" files="3" classes="3"/>
    <file name="hydrate.js" path="/home/kelvynkhrystian/Documentos/Trybe/trybe-exercicios/01-Fundamentos/bloco-07-JSES6 e Testes Unitarios/revision/hydrate.js">
      <metrics statements="13" coveredstatements="13" conditionals="4" coveredconditionals="4" methods="1" coveredmethods="1"/>
      <line num="2" count="1" type="stmt"/>
      <line num="3" count="5" type="stmt"/>
      <line num="4" count="5" type="stmt"/>
      <line num="6" count="5" type="stmt"/>
      <line num="7" count="162" type="stmt"/>
      <line num="9" count="162" type="cond" truecount="2" falsecount="0"/>
      <line num="10" count="12" type="stmt"/>
      <line num="14" count="5" type="stmt"/>
      <line num="16" count="5" type="cond" truecount="2" falsecount="0"/>
      <line num="17" count="4" type="stmt"/>
      <line num="20" count="5" type="stmt"/>
      <line num="23" count="1" type="stmt"/>
      <line num="25" count="1" type="stmt"/>
    </file>
    <file name="mapString.js" path="/home/kelvynkhrystian/Documentos/Trybe/trybe-exercicios/01-Fundamentos/bloco-07-JSES6 e Testes Unitarios/revision/mapString.js">
      <metrics statements="17" coveredstatements="17" conditionals="2" coveredconditionals="2" methods="3" coveredmethods="3"/>
      <line num="1" count="1" type="stmt"/>
      <line num="2" count="6" type="stmt"/>
      <line num="3" count="6" type="stmt"/>
      <line num="4" count="6" type="stmt"/>
      <line num="5" count="40" type="stmt"/>
      <line num="6" count="40" type="stmt"/>
      <line num="8" count="40" type="cond" truecount="2" falsecount="0"/>
      <line num="9" count="15" type="stmt"/>
      <line num="11" count="25" type="stmt"/>
      <line num="14" count="6" type="stmt"/>
      <line num="16" count="1" type="stmt"/>
      <line num="17" count="3" type="stmt"/>
      <line num="24" count="3" type="stmt"/>
      <line num="26" count="1" type="stmt"/>
      <line num="27" count="3" type="stmt"/>
      <line num="34" count="3" type="stmt"/>
      <line num="37" count="1" type="stmt"/>
    </file>
    <file name="techList.js" path="/home/kelvynkhrystian/Documentos/Trybe/trybe-exercicios/01-Fundamentos/bloco-07-JSES6 e Testes Unitarios/revision/techList.js">
      <metrics statements="14" coveredstatements="14" conditionals="2" coveredconditionals="2" methods="1" coveredmethods="1"/>
      <line num="1" count="1" type="stmt"/>
      <line num="2" count="1" type="stmt"/>
      <line num="3" count="1" type="stmt"/>
      <line num="9" count="1" type="stmt"/>
      <line num="11" count="3" type="stmt"/>
      <line num="12" count="3" type="stmt"/>
      <line num="14" count="3" type="cond" truecount="2" falsecount="0"/>
      <line num="15" count="1" type="stmt"/>
      <line num="18" count="2" type="stmt"/>
      <line num="19" count="10" type="stmt"/>
      <line num="23" count="10" type="stmt"/>
      <line num="26" count="2" type="stmt"/>
      <line num="30" count="1" type="stmt"/>
      <line num="32" count="1" type="stmt"/>
    </file>
  </project>
</coverage>
