TN:
SF:hydrate.js
FN:2,(anonymous_0)
FNF:1
FNH:1
FNDA:5,(anonymous_0)
DA:2,1
DA:3,5
DA:4,5
DA:6,5
DA:7,162
DA:9,162
DA:10,12
DA:14,5
DA:16,5
DA:17,4
DA:20,5
DA:23,1
DA:25,1
LF:13
LH:13
BRDA:9,0,0,12
BRDA:9,0,1,150
BRDA:16,1,0,4
BRDA:16,1,1,1
BRF:4
BRH:4
end_of_record
TN:
SF:mapString.js
FN:1,(anonymous_0)
FN:16,(anonymous_1)
FN:26,(anonymous_2)
FNF:3
FNH:3
FNDA:6,(anonymous_0)
FNDA:3,(anonymous_1)
FNDA:3,(anonymous_2)
DA:1,1
DA:2,6
DA:3,6
DA:4,6
DA:5,40
DA:6,40
DA:8,40
DA:9,15
DA:11,25
DA:14,6
DA:16,1
DA:17,3
DA:24,3
DA:26,1
DA:27,3
DA:34,3
DA:37,1
LF:17
LH:17
BRDA:8,0,0,15
BRDA:8,0,1,25
BRF:2
BRH:2
end_of_record
TN:
SF:techList.js
FN:9,(anonymous_0)
FNF:1
FNH:1
FNDA:3,(anonymous_0)
DA:1,1
DA:2,1
DA:3,1
DA:9,1
DA:11,3
DA:12,3
DA:14,3
DA:15,1
DA:18,2
DA:19,10
DA:23,10
DA:26,2
DA:30,1
DA:32,1
LF:14
LH:14
BRDA:14,0,0,1
BRDA:14,0,1,2
BRF:2
BRH:2
end_of_record
