<?xml version="1.0" encoding="UTF-8"?>
<coverage generated="1669437724898" clover="3.2.0">
  <project timestamp="1669437724899" name="All files">
    <metrics statements="4" coveredstatements="1" conditionals="4" coveredconditionals="0" methods="1" coveredmethods="0" elements="9" coveredelements="1" complexity="0" loc="4" ncloc="4" packages="1" files="1" classes="1"/>
    <file name="sum.js" path="/home/kelvynkhrystian/Documentos/Trybe/trybe-exercicios/01-Fundamentos/bloco-07-JSES6 e Testes Unitarios/exercicios-testes/sum.js">
      <metrics statements="4" coveredstatements="1" conditionals="4" coveredconditionals="0" methods="1" coveredmethods="0"/>
      <line num="2" count="0" type="cond" truecount="0" falsecount="4"/>
      <line num="3" count="0" type="stmt"/>
      <line num="6" count="0" type="stmt"/>
      <line num="9" count="1" type="stmt"/>
    </file>
  </project>
</coverage>
