<?xml version="1.0" encoding="UTF-8"?>
<coverage generated="1669507680824" clover="3.2.0">
  <project timestamp="1669507680825" name="All files">
    <metrics statements="15" coveredstatements="15" conditionals="6" coveredconditionals="5" methods="1" coveredmethods="1" elements="22" coveredelements="21" complexity="0" loc="15" ncloc="15" packages="1" files="1" classes="1"/>
    <file name="bonus.js" path="/home/kelvynkhrystian/Documentos/Trybe/trybe-exercicios/01-Fundamentos/bloco-07-JSES6 e Testes Unitarios/bonusPasta/bonus.js">
      <metrics statements="15" coveredstatements="15" conditionals="6" coveredconditionals="5" methods="1" coveredmethods="1"/>
      <line num="2" count="1" type="stmt"/>
      <line num="42" count="1" type="stmt"/>
      <line num="45" count="8" type="stmt"/>
      <line num="46" count="37" type="cond" truecount="2" falsecount="0"/>
      <line num="47" count="5" type="stmt"/>
      <line num="48" count="5" type="stmt"/>
      <line num="49" count="5" type="stmt"/>
      <line num="50" count="15" type="cond" truecount="2" falsecount="0"/>
      <line num="51" count="4" type="stmt"/>
      <line num="53" count="11" type="stmt"/>
      <line num="56" count="1" type="cond" truecount="1" falsecount="1"/>
      <line num="57" count="1" type="stmt"/>
      <line num="62" count="3" type="stmt"/>
      <line num="66" count="1" type="stmt"/>
      <line num="69" count="1" type="stmt"/>
    </file>
  </project>
</coverage>
