{"/home/kelvynkhrystian/Documentos/Trybe/trybe-exercicios/01-Fundamentos/bloco-07-JSES6 e Testes Unitarios/bonusPasta/bonus.js": {"path":"/home/kelvynkhrystian/Documentos/Trybe/trybe-exercicios/01-Fundamentos/bloco-07-JSES6 e Testes Unitarios/bonusPasta/bonus.js","statementMap":{"0":{"start":{"line":2,"column":26},"end":{"line":39,"column":1}},"1":{"start":{"line":42,"column":23},"end":{"line":64,"column":1}},"2":{"start":{"line":45,"column":2},"end":{"line":61,"column":3}},"3":{"start":{"line":45,"column":15},"end":{"line":45,"column":16}},"4":{"start":{"line":46,"column":4},"end":{"line":60,"column":5}},"5":{"start":{"line":47,"column":16},"end":{"line":47,"column":36}},"6":{"start":{"line":48,"column":20},"end":{"line":48,"column":25}},"7":{"start":{"line":49,"column":6},"end":{"line":55,"column":7}},"8":{"start":{"line":50,"column":8},"end":{"line":54,"column":9}},"9":{"start":{"line":51,"column":10},"end":{"line":51,"column":46}},"10":{"start":{"line":53,"column":10},"end":{"line":53,"column":25}},"11":{"start":{"line":56,"column":6},"end":{"line":58,"column":7}},"12":{"start":{"line":57,"column":8},"end":{"line":57,"column":51}},"13":{"start":{"line":62,"column":2},"end":{"line":62,"column":41}},"14":{"start":{"line":66,"column":0},"end":{"line":66,"column":50}},"15":{"start":{"line":69,"column":0},"end":{"line":69,"column":55}}},"fnMap":{"0":{"name":"(anonymous_0)","decl":{"start":{"line":42,"column":23},"end":{"line":42,"column":24}},"loc":{"start":{"line":42,"column":39},"end":{"line":64,"column":1}},"line":42}},"branchMap":{"0":{"loc":{"start":{"line":46,"column":4},"end":{"line":60,"column":5}},"type":"if","locations":[{"start":{"line":46,"column":4},"end":{"line":60,"column":5}},{"start":{},"end":{}}],"line":46},"1":{"loc":{"start":{"line":50,"column":8},"end":{"line":54,"column":9}},"type":"if","locations":[{"start":{"line":50,"column":8},"end":{"line":54,"column":9}},{"start":{"line":52,"column":15},"end":{"line":54,"column":9}}],"line":50},"2":{"loc":{"start":{"line":56,"column":6},"end":{"line":58,"column":7}},"type":"if","locations":[{"start":{"line":56,"column":6},"end":{"line":58,"column":7}},{"start":{},"end":{}}],"line":56}},"s":{"0":1,"1":1,"2":8,"3":8,"4":37,"5":5,"6":5,"7":5,"8":15,"9":4,"10":11,"11":1,"12":1,"13":3,"14":1,"15":1},"f":{"0":8},"b":{"0":[5,32],"1":[4,11],"2":[1,0]},"_coverageSchema":"1a1c01bbd47fc00a2c39e90264f33305004495a9","hash":"b9564513e811173fa508f68c5b4d11e5eca1338b"}
}
